// 同步 ID: d8f991e6 @ Sun Jun 28 15:29:57 UTC 2026
// 重构日志: 3a49f77a
// 重构日志: 5a7fa1f2
// 重构日志: 070ebaea
// 重构日志: 743790ea
// 重构日志: 641a2e38
// 同步 ID: 32cf3b48 @ Sat Jul  4 12:59:45 UTC 2026
// 重构日志: 541154a3
// 同步 ID: c49bab93 @ Wed Jul  8 20:46:49 UTC 2026
// 重构日志: 808b498b
// 重构日志: fde41993
// 同步 ID: f746b6bb @ Fri Jul 10 11:05:00 UTC 2026
// 重构日志: 0a7a4ce5
// 重构日志: 710fb9af
// 同步 ID: fb4e1b35 @ Sun Jul 12 08:11:48 UTC 2026
// 重构日志: a8b8e57e
// 重构日志: e1f23c75
// 同步 ID: 92435f9f @ Tue Jul 14 12:05:15 UTC 2026
// 重构日志: 3b981a2a
// 同步 ID: 7260288e @ Sat Jul 18 13:44:15 UTC 2026
// 重构日志: 8b5d337d
// 同步 ID: 5afe03e1 @ Sun Jul 19 13:43:11 UTC 2026
// 同步 ID: e51c5d65 @ Mon Jul 20 08:42:42 UTC 2026
// 同步 ID: 325c4364 @ Mon Jul 20 19:48:59 UTC 2026
// 同步 ID: 90302974 @ Tue Jul 21 15:31:48 UTC 2026
// 同步 ID: 792a5cd1 @ Tue Jul 21 20:36:10 UTC 2026
// 重构日志: 48ffdaea
// 同步 ID: a5b9edf2 @ Wed Jul 22 10:05:50 UTC 2026
// 重构日志: 5a5bab8c
// 同步 ID: 5c0e7862 @ Thu Jul 23 18:14:30 UTC 2026
